#
# A fatal error has been detected by the Java Runtime Environment:
#
#  EXCEPTION_ACCESS_VIOLATION (0xc0000005) at pc=0x00000000672ce023, pid=3860, tid=0x0000000000002a48
#
# JRE version: Java(TM) SE Runtime Environment (8.0_191-b12) (build 1.8.0_191-b12)
# Java VM: Java HotSpot(TM) 64-Bit Server VM (25.191-b12 mixed mode windows-amd64 compressed oops)
# Problematic frame:
# V  [jvm.dll+0xfe023]
#
# Failed to write core dump. Minidumps are not enabled by default on client versions of Windows
#
# If you would like to submit a bug report, please visit:
#   http://bugreport.java.com/bugreport/crash.jsp
#

---------------  T H R E A D  ---------------

Current thread (0x0000000019662800):  VMThread [stack: 0x000000001a6f0000,0x000000001a7f0000] [id=10824]

siginfo: ExceptionCode=0xc0000005, reading address 0xffffffffffffffff

Registers:
RAX=0x000000000000001e, RBX=0x000000001a7eef30, RCX=0x000000001a7eef30, RDX=0xffffffffffffcb9e
RSP=0x000000001a7eece0, RBP=0x000000001a7eed50, RSI=0x000000001a7eef30, RDI=0x00000000000000a0
R8 =0x000000000000001e, R9 =0x0000000002e5e4d0, R10=0x03ffffffffffff2e, R11=0x000000002aa9d394
R12=0x0000000000000000, R13=0x00000000672ce000, R14=0x000000000000014c, R15=0x0000000000000001
RIP=0x00000000672ce023, EFLAGS=0x0000000000010a06

Top of Stack: (sp=0x000000001a7eece0)
0x000000001a7eece0:   000000001a7eef30 000000001a7eed50
0x000000001a7eecf0:   000000000000014c 00000000662638a8
0x000000001a7eed00:   000000001a7eef30 00000000672cfe09
0x000000001a7eed10:   000000001a7e52ca 000000001a7eef30
0x000000001a7eed20:   000000001a7eef30 00000000672cf8e6
0x000000001a7eed30:   000000001a7eeda0 000000001a7eed99
0x000000001a7eed40:   00000000ffffff5d 00000000672cf8e6
0x000000001a7eed50:   00000000000003d8 0000000002e5e808
0x000000001a7eed60:   0000000000000000 00000000000000a0
0x000000001a7eed70:   0000000019662800 00000000672d0894
0x000000001a7eed80:   000000001a7eef30 0000000000000000
0x000000001a7eed90:   000000000000014c 000000000000014b
0x000000001a7eeda0:   000000002aa9d8a8 0000000019662800
0x000000001a7eedb0:   0000014f0000014c 000000a0000004ff
0x000000001a7eedc0:   0000000002e50000 00000000000000a0
0x000000001a7eedd0:   0000000000000003 00000000000003d8 

Instructions: (pc=0x00000000672ce023)
0x00000000672ce003:   83 ec 20 4c 8b 89 90 00 00 00 48 63 d2 48 8b d9
0x00000000672ce013:   0f b6 c2 4c 8b d2 24 3f 49 c1 ea 06 44 0f b6 c0
0x00000000672ce023:   4b 8b 04 d1 4c 0f a3 c0 72 0f 48 83 c1 70 41 b0
0x00000000672ce033:   01 e8 c7 85 17 00 ff 43 6c 48 83 c4 20 5b c3 cc 


Register to memory mapping:

RAX=0x000000000000001e is an unknown value
RBX=0x000000001a7eef30 is an unknown value
RCX=0x000000001a7eef30 is an unknown value
RDX=0xffffffffffffcb9e is an unknown value
RSP=0x000000001a7eece0 is an unknown value
RBP=0x000000001a7eed50 is an unknown value
RSI=0x000000001a7eef30 is an unknown value
RDI=0x00000000000000a0 is an unknown value
R8 =0x000000000000001e is an unknown value
R9 =0x0000000002e5e4d0 is an unknown value
R10=0x03ffffffffffff2e is an unknown value
R11=0x000000002aa9d394 is pointing into metadata
R12=0x0000000000000000 is an unknown value
R13=0x00000000672ce000 is an unknown value
R14=0x000000000000014c is an unknown value
R15=0x0000000000000001 is an unknown value


Stack: [0x000000001a6f0000,0x000000001a7f0000],  sp=0x000000001a7eece0,  free space=1019k
Native frames: (J=compiled Java code, j=interpreted, Vv=VM code, C=native code)
V  [jvm.dll+0xfe023]
V  [jvm.dll+0xffe09]
V  [jvm.dll+0x100894]
V  [jvm.dll+0x103c74]
V  [jvm.dll+0xc525e]
V  [jvm.dll+0xc58e8]
V  [jvm.dll+0xc5a1a]
V  [jvm.dll+0xc5c18]
V  [jvm.dll+0x10fbba]
V  [jvm.dll+0x12d43f]
V  [jvm.dll+0x1bf3cf]
V  [jvm.dll+0x24d0c7]
V  [jvm.dll+0x24c366]
V  [jvm.dll+0x24c801]
V  [jvm.dll+0x24ca1e]
V  [jvm.dll+0x29eb9a]
C  [msvcr100.dll+0x21d9f]
C  [msvcr100.dll+0x21e3b]
C  [KERNEL32.DLL+0x14034]
C  [ntdll.dll+0x73691]

VM_Operation (0x000000001acef830): GetOrSetLocal, mode: safepoint, requested by thread 0x0000000019704000


---------------  P R O C E S S  ---------------

Java Threads: ( => current thread )
  0x000000001f13e000 JavaThread "DestroyJavaVM" [_thread_blocked, id=4328, stack(0x0000000002700000,0x0000000002800000)]
  0x000000001f13f800 JavaThread "Thread-4" [_thread_blocked, id=14156, stack(0x000000002bf30000,0x000000002c030000)]
  0x000000001f13d000 JavaThread "http-nio-1234-Acceptor-0" daemon [_thread_in_native, id=1876, stack(0x000000002be30000,0x000000002bf30000)]
  0x000000001f13b000 JavaThread "http-nio-1234-ClientPoller-1" daemon [_thread_in_native, id=10596, stack(0x000000002bd30000,0x000000002be30000)]
  0x000000001f141000 JavaThread "http-nio-1234-ClientPoller-0" daemon [_thread_in_native, id=5104, stack(0x000000002bc30000,0x000000002bd30000)]
  0x000000001f13b800 JavaThread "http-nio-1234-exec-10" daemon [_thread_blocked, id=2768, stack(0x000000002bb30000,0x000000002bc30000)]
  0x000000001f13c800 JavaThread "http-nio-1234-exec-9" daemon [_thread_blocked, id=5240, stack(0x000000002ba30000,0x000000002bb30000)]
  0x000000001f141800 JavaThread "http-nio-1234-exec-8" daemon [_thread_blocked, id=5232, stack(0x000000002b930000,0x000000002ba30000)]
  0x0000000028d58000 JavaThread "http-nio-1234-exec-7" daemon [_thread_blocked, id=652, stack(0x000000002b830000,0x000000002b930000)]
  0x0000000028d59800 JavaThread "http-nio-1234-exec-6" daemon [_thread_blocked, id=1548, stack(0x000000002b730000,0x000000002b830000)]
  0x0000000028d57800 JavaThread "http-nio-1234-exec-5" daemon [_thread_blocked, id=1924, stack(0x000000002b630000,0x000000002b730000)]
  0x0000000028d59000 JavaThread "http-nio-1234-exec-4" daemon [_thread_blocked, id=5588, stack(0x000000002b530000,0x000000002b630000)]
  0x0000000028d5c000 JavaThread "http-nio-1234-exec-3" daemon [_thread_blocked, id=5060, stack(0x000000002b430000,0x000000002b530000)]
  0x0000000028d56000 JavaThread "http-nio-1234-exec-2" daemon [_thread_blocked, id=9880, stack(0x000000002b330000,0x000000002b430000)]
  0x0000000028d5b000 JavaThread "http-nio-1234-exec-1" daemon [_thread_blocked, id=11816, stack(0x000000002b230000,0x000000002b330000)]
  0x0000000028d5a800 JavaThread "NioBlockingSelector.BlockPoller-1" daemon [_thread_in_native, id=8328, stack(0x000000002b130000,0x000000002b230000)]
  0x0000000028d56800 JavaThread "scheduling-1" [_thread_blocked, id=2484, stack(0x0000000028120000,0x0000000028220000)]
  0x0000000022ecd800 JavaThread "HikariPool-1 housekeeper" daemon [_thread_blocked, id=840, stack(0x00000000262f0000,0x00000000263f0000)]
  0x0000000026f30800 JavaThread "mysql-cj-abandoned-connection-cleanup" daemon [_thread_blocked, id=6720, stack(0x0000000023960000,0x0000000023a60000)]
  0x000000001e47a000 JavaThread "container-0" [_thread_blocked, id=11012, stack(0x0000000023860000,0x0000000023960000)]
  0x00000000202d7800 JavaThread "Catalina-utility-2" [_thread_blocked, id=10164, stack(0x0000000023760000,0x0000000023860000)]
  0x0000000026524000 JavaThread "Catalina-utility-1" [_thread_blocked, id=10640, stack(0x0000000021d70000,0x0000000021e70000)]
  0x000000001afe6800 JavaThread "Service Thread" daemon [_thread_blocked, id=2896, stack(0x000000001baf0000,0x000000001bbf0000)]
  0x000000001b0e7000 JavaThread "C1 CompilerThread3" daemon [_thread_blocked, id=6248, stack(0x000000001b9f0000,0x000000001baf0000)]
  0x000000001b032800 JavaThread "C2 CompilerThread2" daemon [_thread_blocked, id=1820, stack(0x000000001b8f0000,0x000000001b9f0000)]
  0x000000001b031800 JavaThread "C2 CompilerThread1" daemon [_thread_blocked, id=2560, stack(0x000000001b7f0000,0x000000001b8f0000)]
  0x000000001b030000 JavaThread "C2 CompilerThread0" daemon [_thread_blocked, id=7012, stack(0x000000001b6f0000,0x000000001b7f0000)]
  0x0000000019715800 JavaThread "JDWP Command Reader" daemon [_thread_in_native, id=6840, stack(0x000000001adf0000,0x000000001aef0000)]
  0x0000000019710800 JavaThread "JDWP Event Helper Thread" daemon [_thread_blocked, id=3660, stack(0x000000001acf0000,0x000000001adf0000)]
  0x0000000019704000 JavaThread "JDWP Transport Listener: dt_socket" daemon [_thread_blocked, id=8356, stack(0x000000001abf0000,0x000000001acf0000)]
  0x00000000196a8000 JavaThread "Attach Listener" daemon [_thread_blocked, id=7936, stack(0x000000001aaf0000,0x000000001abf0000)]
  0x0000000019702000 JavaThread "Signal Dispatcher" daemon [_thread_blocked, id=9480, stack(0x000000001a9f0000,0x000000001aaf0000)]
  0x0000000017fb2800 JavaThread "Finalizer" daemon [_thread_blocked, id=3152, stack(0x000000001a8f0000,0x000000001a9f0000)]
  0x0000000019683000 JavaThread "Reference Handler" daemon [_thread_blocked, id=8620, stack(0x000000001a7f0000,0x000000001a8f0000)]

Other Threads:
=>0x0000000019662800 VMThread [stack: 0x000000001a6f0000,0x000000001a7f0000] [id=10824]
  0x000000001b033000 WatcherThread [stack: 0x000000001bbf0000,0x000000001bcf0000] [id=2900]

VM state:at safepoint (normal execution)

VM Mutex/Monitor currently owned by a thread:  ([mutex/lock_event])
[0x0000000002db3ce0] Threads_lock - owner thread: 0x0000000019662800

Heap:
 PSYoungGen      total 317440K, used 195859K [0x00000000d6200000, 0x00000000f0100000, 0x0000000100000000)
  eden space 303104K, 64% used [0x00000000d6200000,0x00000000e2144eb0,0x00000000e8a00000)
  from space 14336K, 0% used [0x00000000e8a00000,0x00000000e8a00000,0x00000000e9800000)
  to   space 18432K, 0% used [0x00000000eef00000,0x00000000eef00000,0x00000000f0100000)
 ParOldGen       total 114688K, used 32999K [0x0000000082600000, 0x0000000089600000, 0x00000000d6200000)
  object space 114688K, 28% used [0x0000000082600000,0x0000000084639f50,0x0000000089600000)
 Metaspace       used 63802K, capacity 66648K, committed 66648K, reserved 1107968K
  class space    used 8563K, capacity 9048K, committed 9048K, reserved 1048576K

Card table byte_map: [0x0000000012270000,0x0000000012660000] byte_map_base: 0x0000000011e5d000

Marking Bits: (ParMarkBitMap*) 0x00000000679f3e30
 Begin Bits: [0x0000000013300000, 0x0000000015268000)
 End Bits:   [0x0000000015268000, 0x00000000171d0000)

Polling page: 0x0000000000e50000

CodeCache: size=245760Kb used=17251Kb max_used=17481Kb free=228508Kb
 bounds [0x0000000002eb0000, 0x0000000004070000, 0x0000000011eb0000]
 total_blobs=5563 nmethods=4983 adapters=500
 compilation: enabled

Compilation events (10 events):
Event: 113.432 Thread 0x000000001b0e7000 6092       3       java.util.concurrent.ThreadPoolExecutor::afterExecute (1 bytes)
Event: 113.433 Thread 0x000000001b0e7000 nmethod 6092 0x0000000003bd3510 code [0x0000000003bd3660, 0x0000000003bd37b0]
Event: 114.118 Thread 0x000000001b0e7000 6093       3       java.util.concurrent.locks.AbstractQueuedSynchronizer$ConditionObject::awaitNanos (156 bytes)
Event: 114.122 Thread 0x000000001b0e7000 nmethod 6093 0x00000000039995d0 code [0x00000000039998e0, 0x000000000399b078]
Event: 114.433 Thread 0x000000001b0e7000 6094       3       java.util.concurrent.ThreadPoolExecutor::isShutdown (19 bytes)
Event: 114.433 Thread 0x000000001b0e7000 nmethod 6094 0x0000000003999050 code [0x00000000039991c0, 0x00000000039994d0]
Event: 116.118 Thread 0x000000001b0e7000 6096   !   3       java.util.concurrent.ScheduledThreadPoolExecutor$DelayedWorkQueue::take (203 bytes)
Event: 116.121 Thread 0x000000001b0e7000 nmethod 6096 0x00000000037f2190 code [0x00000000037f24e0, 0x00000000037f3b88]
Event: 116.121 Thread 0x000000001b0e7000 6095       3       java.util.concurrent.ScheduledThreadPoolExecutor$DelayedWorkQueue::take (5 bytes)
Event: 116.121 Thread 0x000000001b0e7000 nmethod 6095 0x0000000003bd3150 code [0x0000000003bd32c0, 0x0000000003bd3468]

GC Heap History (10 events):
Event: 3.071 GC heap before
{Heap before GC invocations=10 (full 1):
 PSYoungGen      total 227840K, used 34864K [0x00000000d6200000, 0x00000000e4e80000, 0x0000000100000000)
  eden space 218624K, 11% used [0x00000000d6200000,0x00000000d7b11628,0x00000000e3780000)
  from space 9216K, 99% used [0x00000000e4580000,0x00000000e4e7ac90,0x00000000e4e80000)
  to   space 11264K, 0% used [0x00000000e3880000,0x00000000e3880000,0x00000000e4380000)
 ParOldGen       total 50176K, used 8798K [0x0000000082600000, 0x0000000085700000, 0x00000000d6200000)
  object space 50176K, 17% used [0x0000000082600000,0x0000000082e97a80,0x0000000085700000)
 Metaspace       used 33808K, capacity 35332K, committed 35416K, reserved 1079296K
  class space    used 4329K, capacity 4630K, committed 4696K, reserved 1048576K
Event: 3.078 GC heap after
Heap after GC invocations=10 (full 1):
 PSYoungGen      total 230912K, used 11152K [0x00000000d6200000, 0x00000000ea600000, 0x0000000100000000)
  eden space 219648K, 0% used [0x00000000d6200000,0x00000000d6200000,0x00000000e3880000)
  from space 11264K, 99% used [0x00000000e3880000,0x00000000e4364040,0x00000000e4380000)
  to   space 12800K, 0% used [0x00000000e9980000,0x00000000e9980000,0x00000000ea600000)
 ParOldGen       total 50176K, used 8806K [0x0000000082600000, 0x0000000085700000, 0x00000000d6200000)
  object space 50176K, 17% used [0x0000000082600000,0x0000000082e99a80,0x0000000085700000)
 Metaspace       used 33808K, capacity 35332K, committed 35416K, reserved 1079296K
  class space    used 4329K, capacity 4630K, committed 4696K, reserved 1048576K
}
Event: 3.078 GC heap before
{Heap before GC invocations=11 (full 2):
 PSYoungGen      total 230912K, used 11152K [0x00000000d6200000, 0x00000000ea600000, 0x0000000100000000)
  eden space 219648K, 0% used [0x00000000d6200000,0x00000000d6200000,0x00000000e3880000)
  from space 11264K, 99% used [0x00000000e3880000,0x00000000e4364040,0x00000000e4380000)
  to   space 12800K, 0% used [0x00000000e9980000,0x00000000e9980000,0x00000000ea600000)
 ParOldGen       total 50176K, used 8806K [0x0000000082600000, 0x0000000085700000, 0x00000000d6200000)
  object space 50176K, 17% used [0x0000000082600000,0x0000000082e99a80,0x0000000085700000)
 Metaspace       used 33808K, capacity 35332K, committed 35416K, reserved 1079296K
  class space    used 4329K, capacity 4630K, committed 4696K, reserved 1048576K
Event: 3.113 GC heap after
Heap after GC invocations=11 (full 2):
 PSYoungGen      total 230912K, used 0K [0x00000000d6200000, 0x00000000ea600000, 0x0000000100000000)
  eden space 219648K, 0% used [0x00000000d6200000,0x00000000d6200000,0x00000000e3880000)
  from space 11264K, 0% used [0x00000000e3880000,0x00000000e3880000,0x00000000e4380000)
  to   space 12800K, 0% used [0x00000000e9980000,0x00000000e9980000,0x00000000ea600000)
 ParOldGen       total 76800K, used 16110K [0x0000000082600000, 0x0000000087100000, 0x00000000d6200000)
  object space 76800K, 20% used [0x0000000082600000,0x00000000835bbbc8,0x0000000087100000)
 Metaspace       used 33808K, capacity 35332K, committed 35416K, reserved 1079296K
  class space    used 4329K, capacity 4630K, committed 4696K, reserved 1048576K
}
Event: 4.373 GC heap before
{Heap before GC invocations=12 (full 2):
 PSYoungGen      total 230912K, used 219648K [0x00000000d6200000, 0x00000000ea600000, 0x0000000100000000)
  eden space 219648K, 100% used [0x00000000d6200000,0x00000000e3880000,0x00000000e3880000)
  from space 11264K, 0% used [0x00000000e3880000,0x00000000e3880000,0x00000000e4380000)
  to   space 12800K, 0% used [0x00000000e9980000,0x00000000e9980000,0x00000000ea600000)
 ParOldGen       total 76800K, used 16110K [0x0000000082600000, 0x0000000087100000, 0x00000000d6200000)
  object space 76800K, 20% used [0x0000000082600000,0x00000000835bbbc8,0x0000000087100000)
 Metaspace       used 44798K, capacity 46472K, committed 46680K, reserved 1089536K
  class space    used 5888K, capacity 6200K, committed 6232K, reserved 1048576K
Event: 4.383 GC heap after
Heap after GC invocations=12 (full 2):
 PSYoungGen      total 307200K, used 12785K [0x00000000d6200000, 0x00000000ea600000, 0x0000000100000000)
  eden space 294400K, 0% used [0x00000000d6200000,0x00000000d6200000,0x00000000e8180000)
  from space 12800K, 99% used [0x00000000e9980000,0x00000000ea5fc5f8,0x00000000ea600000)
  to   space 14336K, 0% used [0x00000000e8a00000,0x00000000e8a00000,0x00000000e9800000)
 ParOldGen       total 76800K, used 16868K [0x0000000082600000, 0x0000000087100000, 0x00000000d6200000)
  object space 76800K, 21% used [0x0000000082600000,0x00000000836791d8,0x0000000087100000)
 Metaspace       used 44798K, capacity 46472K, committed 46680K, reserved 1089536K
  class space    used 5888K, capacity 6200K, committed 6232K, reserved 1048576K
}
Event: 5.669 GC heap before
{Heap before GC invocations=13 (full 2):
 PSYoungGen      total 307200K, used 253418K [0x00000000d6200000, 0x00000000ea600000, 0x0000000100000000)
  eden space 294400K, 81% used [0x00000000d6200000,0x00000000e4cfe2f8,0x00000000e8180000)
  from space 12800K, 99% used [0x00000000e9980000,0x00000000ea5fc5f8,0x00000000ea600000)
  to   space 14336K, 0% used [0x00000000e8a00000,0x00000000e8a00000,0x00000000e9800000)
 ParOldGen       total 76800K, used 16868K [0x0000000082600000, 0x0000000087100000, 0x00000000d6200000)
  object space 76800K, 21% used [0x0000000082600000,0x00000000836791d8,0x0000000087100000)
 Metaspace       used 56524K, capacity 58912K, committed 58968K, reserved 1099776K
  class space    used 7606K, capacity 8020K, committed 8024K, reserved 1048576K
Event: 5.683 GC heap after
Heap after GC invocations=13 (full 2):
 PSYoungGen      total 317440K, used 14335K [0x00000000d6200000, 0x00000000f0100000, 0x0000000100000000)
  eden space 303104K, 0% used [0x00000000d6200000,0x00000000d6200000,0x00000000e8a00000)
  from space 14336K, 99% used [0x00000000e8a00000,0x00000000e97ffcb0,0x00000000e9800000)
  to   space 18432K, 0% used [0x00000000eef00000,0x00000000eef00000,0x00000000f0100000)
 ParOldGen       total 76800K, used 22118K [0x0000000082600000, 0x0000000087100000, 0x00000000d6200000)
  object space 76800K, 28% used [0x0000000082600000,0x0000000083b99b78,0x0000000087100000)
 Metaspace       used 56524K, capacity 58912K, committed 58968K, reserved 1099776K
  class space    used 7606K, capacity 8020K, committed 8024K, reserved 1048576K
}
Event: 5.683 GC heap before
{Heap before GC invocations=14 (full 3):
 PSYoungGen      total 317440K, used 14335K [0x00000000d6200000, 0x00000000f0100000, 0x0000000100000000)
  eden space 303104K, 0% used [0x00000000d6200000,0x00000000d6200000,0x00000000e8a00000)
  from space 14336K, 99% used [0x00000000e8a00000,0x00000000e97ffcb0,0x00000000e9800000)
  to   space 18432K, 0% used [0x00000000eef00000,0x00000000eef00000,0x00000000f0100000)
 ParOldGen       total 76800K, used 22118K [0x0000000082600000, 0x0000000087100000, 0x00000000d6200000)
  object space 76800K, 28% used [0x0000000082600000,0x0000000083b99b78,0x0000000087100000)
 Metaspace       used 56524K, capacity 58912K, committed 58968K, reserved 1099776K
  class space    used 7606K, capacity 8020K, committed 8024K, reserved 1048576K
Event: 5.783 GC heap after
Heap after GC invocations=14 (full 3):
 PSYoungGen      total 317440K, used 0K [0x00000000d6200000, 0x00000000f0100000, 0x0000000100000000)
  eden space 303104K, 0% used [0x00000000d6200000,0x00000000d6200000,0x00000000e8a00000)
  from space 14336K, 0% used [0x00000000e8a00000,0x00000000e8a00000,0x00000000e9800000)
  to   space 18432K, 0% used [0x00000000eef00000,0x00000000eef00000,0x00000000f0100000)
 ParOldGen       total 114688K, used 32999K [0x0000000082600000, 0x0000000089600000, 0x00000000d6200000)
  object space 114688K, 28% used [0x0000000082600000,0x0000000084639f50,0x0000000089600000)
 Metaspace       used 56524K, capacity 58912K, committed 58968K, reserved 1099776K
  class space    used 7606K, capacity 8020K, committed 8024K, reserved 1048576K
}

Deoptimization events (10 events):
Event: 27.591 Thread 0x000000001f13f800 Uncommon trap: reason=unhandled action=none pc=0x0000000003c88e94 method=java.net.URLClassLoader.findClass(Ljava/lang/String;)Ljava/lang/Class; @ 44
Event: 27.591 Thread 0x000000001f13f800 Uncommon trap: reason=unhandled action=none pc=0x0000000003c88e94 method=java.net.URLClassLoader.findClass(Ljava/lang/String;)Ljava/lang/Class; @ 44
Event: 27.592 Thread 0x000000001f13f800 Uncommon trap: reason=unhandled action=none pc=0x0000000003c88e94 method=java.net.URLClassLoader.findClass(Ljava/lang/String;)Ljava/lang/Class; @ 44
Event: 27.592 Thread 0x000000001f13f800 Uncommon trap: reason=unhandled action=none pc=0x0000000003c88e94 method=java.net.URLClassLoader.findClass(Ljava/lang/String;)Ljava/lang/Class; @ 44
Event: 27.593 Thread 0x000000001f13f800 Uncommon trap: reason=unhandled action=none pc=0x0000000003c88e94 method=java.net.URLClassLoader.findClass(Ljava/lang/String;)Ljava/lang/Class; @ 44
Event: 27.593 Thread 0x000000001f13f800 Uncommon trap: reason=unhandled action=none pc=0x0000000003c88e94 method=java.net.URLClassLoader.findClass(Ljava/lang/String;)Ljava/lang/Class; @ 44
Event: 27.593 Thread 0x000000001f13f800 Uncommon trap: reason=unhandled action=none pc=0x0000000003c88e94 method=java.net.URLClassLoader.findClass(Ljava/lang/String;)Ljava/lang/Class; @ 44
Event: 27.594 Thread 0x000000001f13f800 Uncommon trap: reason=unhandled action=none pc=0x0000000003c88e94 method=java.net.URLClassLoader.findClass(Ljava/lang/String;)Ljava/lang/Class; @ 44
Event: 27.594 Thread 0x000000001f13f800 Uncommon trap: reason=unhandled action=none pc=0x0000000003c88e94 method=java.net.URLClassLoader.findClass(Ljava/lang/String;)Ljava/lang/Class; @ 44
Event: 27.594 Thread 0x000000001f13f800 Uncommon trap: reason=unhandled action=none pc=0x0000000003c88e94 method=java.net.URLClassLoader.findClass(Ljava/lang/String;)Ljava/lang/Class; @ 44

Classes redefined (2 events):
Event: 56.268 Thread 0x0000000019662800 redefined class name=com.sansan.toothbrush.machine.thread.SaveDataThread, count=1
Event: 117.433 Thread 0x0000000019662800 redefined class name=com.sansan.toothbrush.machine.thread.SaveDataThread, count=2

Internal exceptions (10 events):
Event: 6.070 Thread 0x0000000002db6000 Exception <a 'java/lang/ArrayIndexOutOfBoundsException': 323> (0x00000000d9604658) thrown at [C:\re\workspace\8-2-build-windows-amd64-cygwin\jdk8u191\11896\hotspot\src\share\vm\interpreter\interpreterRuntime.cpp, line 366]
Event: 6.070 Thread 0x0000000002db6000 Exception <a 'java/lang/ArrayIndexOutOfBoundsException': 694> (0x00000000d960a7c0) thrown at [C:\re\workspace\8-2-build-windows-amd64-cygwin\jdk8u191\11896\hotspot\src\share\vm\interpreter\interpreterRuntime.cpp, line 366]
Event: 6.071 Thread 0x0000000002db6000 Exception <a 'java/lang/ArrayIndexOutOfBoundsException': 195> (0x00000000d960e0f8) thrown at [C:\re\workspace\8-2-build-windows-amd64-cygwin\jdk8u191\11896\hotspot\src\share\vm\interpreter\interpreterRuntime.cpp, line 366]
Event: 6.071 Thread 0x0000000002db6000 Exception <a 'java/lang/ArrayIndexOutOfBoundsException': 126> (0x00000000d960fe18) thrown at [C:\re\workspace\8-2-build-windows-amd64-cygwin\jdk8u191\11896\hotspot\src\share\vm\interpreter\interpreterRuntime.cpp, line 366]
Event: 6.203 Thread 0x000000001f13f800 Exception <a 'java/lang/ArrayIndexOutOfBoundsException': 183> (0x00000000dabdeba8) thrown at [C:\re\workspace\8-2-build-windows-amd64-cygwin\jdk8u191\11896\hotspot\src\share\vm\interpreter\interpreterRuntime.cpp, line 366]
Event: 6.277 Thread 0x000000001f13f800 Exception <a 'java/lang/NoSuchMethodError': java.lang.Object.lambda$static$0(Ljavax/persistence/Query;[Ljava/lang/Object;Lorg/springframework/data/jpa/repository/query/QueryParameterSetter$ErrorHandling;)V> (0x00000000db527a70) thrown at [C:\re\workspace\
Event: 7.205 Thread 0x0000000002db6000 Exception <a 'java/net/ConnectException': Connection refused: connect> (0x00000000da7c6430) thrown at [C:\re\workspace\8-2-build-windows-amd64-cygwin\jdk8u191\11896\hotspot\src\share\vm\prims\jni.cpp, line 735]
Event: 7.974 Thread 0x0000000028d5b000 Exception <a 'java/lang/ArrayIndexOutOfBoundsException': 66> (0x00000000dd59dd38) thrown at [C:\re\workspace\8-2-build-windows-amd64-cygwin\jdk8u191\11896\hotspot\src\share\vm\interpreter\interpreterRuntime.cpp, line 366]
Event: 8.005 Thread 0x0000000028d5b000 Exception <a 'java/lang/ArrayIndexOutOfBoundsException': 78> (0x00000000dda3d478) thrown at [C:\re\workspace\8-2-build-windows-amd64-cygwin\jdk8u191\11896\hotspot\src\share\vm\interpreter\interpreterRuntime.cpp, line 366]
Event: 8.006 Thread 0x0000000028d5b000 Exception <a 'java/lang/ArrayIndexOutOfBoundsException': 139> (0x00000000dda4f788) thrown at [C:\re\workspace\8-2-build-windows-amd64-cygwin\jdk8u191\11896\hotspot\src\share\vm\interpreter\interpreterRuntime.cpp, line 366]

Events (10 events):
Event: 102.119 Thread 0x000000001b0e7000 flushing nmethod 0x0000000003f55550
Event: 117.410 Executing VM operation: RedefineClasses
Event: 117.434 Executing VM operation: RedefineClasses done
Event: 117.447 Executing VM operation: ChangeBreakpoints
Event: 117.449 Executing VM operation: ChangeBreakpoints done
Event: 117.492 Executing VM operation: GetOwnedMonitorInfo
Event: 117.492 Executing VM operation: GetOwnedMonitorInfo done
Event: 117.493 Executing VM operation: GetCurrentContendedMonitor
Event: 117.493 Executing VM operation: GetCurrentContendedMonitor done
Event: 117.500 Executing VM operation: GetOrSetLocal


Dynamic libraries:
0x00007ff78d8d0000 - 0x00007ff78d907000 	D:\JDK8\bin\javaw.exe
0x00007ffbeb7a0000 - 0x00007ffbeb981000 	C:\WINDOWS\SYSTEM32\ntdll.dll
0x00007ffbe9580000 - 0x00007ffbe9631000 	C:\WINDOWS\System32\KERNEL32.DLL
0x00007ffbe8550000 - 0x00007ffbe87c3000 	C:\WINDOWS\System32\KERNELBASE.dll
0x00007ffbe99b0000 - 0x00007ffbe9a51000 	C:\WINDOWS\System32\ADVAPI32.dll
0x00007ffbe9ee0000 - 0x00007ffbe9f7e000 	C:\WINDOWS\System32\msvcrt.dll
0x00007ffbe8d90000 - 0x00007ffbe8deb000 	C:\WINDOWS\System32\sechost.dll
0x00007ffbe9a60000 - 0x00007ffbe9b84000 	C:\WINDOWS\System32\RPCRT4.dll
0x00007ffbe9650000 - 0x00007ffbe97e0000 	C:\WINDOWS\System32\USER32.dll
0x00007ffbe87d0000 - 0x00007ffbe87f0000 	C:\WINDOWS\System32\win32u.dll
0x00007ffbea120000 - 0x00007ffbea148000 	C:\WINDOWS\System32\GDI32.dll
0x00007ffbe88f0000 - 0x00007ffbe8a82000 	C:\WINDOWS\System32\gdi32full.dll
0x00007ffbe8b90000 - 0x00007ffbe8c2f000 	C:\WINDOWS\System32\msvcp_win.dll
0x00007ffbe87f0000 - 0x00007ffbe88e8000 	C:\WINDOWS\System32\ucrtbase.dll
0x00007ffbdae40000 - 0x00007ffbdb0a9000 	C:\WINDOWS\WinSxS\amd64_microsoft.windows.common-controls_6595b64144ccf1df_6.0.17134.706_none_fb43a2cb30647007\COMCTL32.dll
0x00007ffbe9250000 - 0x00007ffbe9572000 	C:\WINDOWS\System32\combase.dll
0x00007ffbe7d60000 - 0x00007ffbe7dda000 	C:\WINDOWS\System32\bcryptPrimitives.dll
0x00007ffbe8d60000 - 0x00007ffbe8d8d000 	C:\WINDOWS\System32\IMM32.DLL
0x0000000066210000 - 0x00000000662e2000 	D:\JDK8\jre\bin\msvcr100.dll
0x00000000671d0000 - 0x0000000067a74000 	D:\JDK8\jre\bin\server\jvm.dll
0x00007ffbe9640000 - 0x00007ffbe9648000 	C:\WINDOWS\System32\PSAPI.DLL
0x00007ffbd50d0000 - 0x00007ffbd50d9000 	C:\WINDOWS\SYSTEM32\WSOCK32.dll
0x00007ffbe5c20000 - 0x00007ffbe5c43000 	C:\WINDOWS\SYSTEM32\WINMM.dll
0x00007ffbe04c0000 - 0x00007ffbe04ca000 	C:\WINDOWS\SYSTEM32\VERSION.dll
0x00007ffbe9940000 - 0x00007ffbe99ac000 	C:\WINDOWS\System32\WS2_32.dll
0x00007ffbe57b0000 - 0x00007ffbe57da000 	C:\WINDOWS\SYSTEM32\WINMMBASE.dll
0x00007ffbe8b40000 - 0x00007ffbe8b89000 	C:\WINDOWS\System32\cfgmgr32.dll
0x00000000670e0000 - 0x00000000670ef000 	D:\JDK8\jre\bin\verify.dll
0x00000000670b0000 - 0x00000000670d9000 	D:\JDK8\jre\bin\java.dll
0x00000000661d0000 - 0x0000000066205000 	D:\JDK8\jre\bin\jdwp.dll
0x00000000661c0000 - 0x00000000661c8000 	D:\JDK8\jre\bin\npt.dll
0x0000000066190000 - 0x00000000661b3000 	D:\JDK8\jre\bin\instrument.dll
0x0000000067090000 - 0x00000000670a6000 	D:\JDK8\jre\bin\zip.dll
0x00007ffbea330000 - 0x00007ffbeb770000 	C:\WINDOWS\System32\SHELL32.dll
0x00007ffbe9f80000 - 0x00007ffbea029000 	C:\WINDOWS\System32\shcore.dll
0x00007ffbe7de0000 - 0x00007ffbe84ed000 	C:\WINDOWS\System32\windows.storage.dll
0x00007ffbe9e80000 - 0x00007ffbe9ed1000 	C:\WINDOWS\System32\shlwapi.dll
0x00007ffbe7b50000 - 0x00007ffbe7b61000 	C:\WINDOWS\System32\kernel.appcore.dll
0x00007ffbe7b10000 - 0x00007ffbe7b2f000 	C:\WINDOWS\System32\profapi.dll
0x00007ffbe7ab0000 - 0x00007ffbe7afc000 	C:\WINDOWS\System32\powrprof.dll
0x00007ffbe7b00000 - 0x00007ffbe7b0a000 	C:\WINDOWS\System32\FLTLIB.DLL
0x0000000066180000 - 0x0000000066189000 	D:\JDK8\jre\bin\dt_socket.dll
0x00007ffbd5080000 - 0x00007ffbd5096000 	C:\WINDOWS\system32\napinsp.dll
0x00007ffbd4bd0000 - 0x00007ffbd4bea000 	C:\WINDOWS\system32\pnrpnsp.dll
0x00007ffbe4510000 - 0x00007ffbe4529000 	C:\WINDOWS\system32\NLAapi.dll
0x00007ffbe7330000 - 0x00007ffbe7396000 	C:\WINDOWS\System32\mswsock.dll
0x00007ffbe70f0000 - 0x00007ffbe71ae000 	C:\WINDOWS\SYSTEM32\DNSAPI.dll
0x00007ffbe8d30000 - 0x00007ffbe8d38000 	C:\WINDOWS\System32\NSI.dll
0x00007ffbe70b0000 - 0x00007ffbe70e8000 	C:\WINDOWS\SYSTEM32\IPHLPAPI.DLL
0x00007ffbd4a40000 - 0x00007ffbd4a4e000 	C:\WINDOWS\System32\winrnr.dll
0x00007ffbddfd0000 - 0x00007ffbddfe5000 	C:\WINDOWS\System32\wshbth.dll
0x00007ffbdc010000 - 0x00007ffbdc082000 	C:\WINDOWS\System32\fwpuclnt.dll
0x00007ffbe7610000 - 0x00007ffbe7635000 	C:\WINDOWS\SYSTEM32\bcrypt.dll
0x00007ffbdbed0000 - 0x00007ffbdbeda000 	C:\Windows\System32\rasadhlp.dll
0x0000000067010000 - 0x000000006701d000 	D:\JDK8\jre\bin\management.dll
0x0000000067070000 - 0x000000006708a000 	D:\JDK8\jre\bin\net.dll
0x0000000067050000 - 0x0000000067061000 	D:\JDK8\jre\bin\nio.dll
0x00007ffbe74e0000 - 0x00007ffbe74f7000 	C:\WINDOWS\SYSTEM32\CRYPTSP.dll
0x00007ffbe6f10000 - 0x00007ffbe6f43000 	C:\WINDOWS\system32\rsaenh.dll
0x00007ffbe79e0000 - 0x00007ffbe7a08000 	C:\WINDOWS\SYSTEM32\USERENV.dll
0x00007ffbe7500000 - 0x00007ffbe750b000 	C:\WINDOWS\SYSTEM32\CRYPTBASE.dll
0x00007ffbdfdd0000 - 0x00007ffbdfde6000 	C:\WINDOWS\SYSTEM32\dhcpcsvc6.DLL
0x00007ffbddfb0000 - 0x00007ffbddfca000 	C:\WINDOWS\SYSTEM32\dhcpcsvc.DLL
0x00007ffbd5920000 - 0x00007ffbd5ae9000 	C:\WINDOWS\SYSTEM32\dbghelp.dll

VM Arguments:
jvm_args: -agentlib:jdwp=transport=dt_socket,suspend=y,address=localhost:56407 -javaagent:D:\Eclipse\eclipse\configuration\org.eclipse.osgi\419\0\.cp\lib\javaagent-shaded.jar -Dfile.encoding=UTF-8 
java_command: com.sansan.Application
java_class_path (initial): H:\我的模块\植毛CCD联网+包装CCD联网\植毛机\客户端\FlockingMachine\target\classes;C:\Users\JR\.m2\repository\org\springframework\boot\spring-boot-starter-data-jpa\2.1.3.RELEASE\spring-boot-starter-data-jpa-2.1.3.RELEASE.jar;C:\Users\JR\.m2\repository\org\springframework\boot\spring-boot-starter-aop\2.1.3.RELEASE\spring-boot-starter-aop-2.1.3.RELEASE.jar;C:\Users\JR\.m2\repository\org\springframework\spring-aop\5.1.5.RELEASE\spring-aop-5.1.5.RELEASE.jar;C:\Users\JR\.m2\repository\org\aspectj\aspectjweaver\1.9.2\aspectjweaver-1.9.2.jar;C:\Users\JR\.m2\repository\javax\transaction\javax.transaction-api\1.3\javax.transaction-api-1.3.jar;C:\Users\JR\.m2\repository\javax\xml\bind\jaxb-api\2.3.1\jaxb-api-2.3.1.jar;C:\Users\JR\.m2\repository\javax\activation\javax.activation-api\1.2.0\javax.activation-api-1.2.0.jar;C:\Users\JR\.m2\repository\org\hibernate\hibernate-core\5.3.7.Final\hibernate-core-5.3.7.Final.jar;C:\Users\JR\.m2\repository\org\jboss\logging\jboss-logging\3.3.2.Final\jboss-logging-3.3.2.Final.jar;C:\Users\JR\.m2\repository\javax\persistence\javax.persistence-api\2.2\javax.persistence-api-2.2.jar;C:\Users\JR\.m2\repository\org\javassist\javassist\3.23.1-GA\javassist-3.23.1-GA.jar;C:\Users\JR\.m2\repository\net\bytebuddy\byte-buddy\1.9.10\byte-buddy-1.9.10.jar;C:\Users\JR\.m2\repository\antlr\antlr\2.7.7\antlr-2.7.7.jar;C:\Users\JR\.m2\repository\org\jboss\jandex\2.0.5.Final\jandex-2.0.5.Final.jar;C:\Users\JR\.m2\repository\com\fasterxml\classmate\1.4.0\classmate-1.4.0.jar;C:\Users\JR\.m2\repository\org\dom4j\dom4j\2.1.1\dom4j-2.1.1.jar;C:\Users\JR\.m2\repository\org\hibernate\common\hibernate-commons-annotations\5.0.4.Final\hibernate-commons-annotations-5.0.4.Final.jar;C:\Users\JR\.m2\repository\org\springframework\data\spring-data-jpa\2.1.5.RELEASE\spring-data-jpa-2.1.5.RELEASE.jar;C:\Users\JR\.m2\repository\org\springframework\data\spring-data-commons\2.1.5.RELEASE\spring-data-commons-2.1.5.RELEASE.jar;C:\Users\JR\.m2\repository\o
Launcher Type: SUN_STANDARD

Environment Variables:
JAVA_HOME=D:\JDK8
PATH=D:\JDK8\jre\bin;D:/JDK8/bin/../jre/bin/server;D:/JDK8/bin/../jre/bin;D:/JDK8/bin/../jre/lib/amd64;c:\gtk\bin;C:\Program Files (x86)\Intel\Intel(R) Management Engine Components\iCLS\;C:\Program Files\Intel\Intel(R) Management Engine Components\iCLS\;C:\Windows\system32;C:\Windows;C:\Windows\System32\Wbem;C:\Windows\System32\WindowsPowerShell\v1.0\;C:\Windows\System32\OpenSSH\;C:\Program Files (x86)\Intel\Intel(R) Management Engine Components\DAL;C:\Program Files\Intel\Intel(R) Management Engine Components\DAL;C:\Program Files (x86)\Intel\Intel(R) Management Engine Components\IPT;C:\Program Files\Intel\Intel(R) Management Engine Components\IPT;C:\Program Files (x86)\NVIDIA Corporation\PhysX\Common;C:\Program Files\Intel\WiFi\bin\;C:\Program Files\Common Files\Intel\WirelessCommon\;C:\WINDOWS\system32;C:\WINDOWS;C:\WINDOWS\System32\Wbem;C:\WINDOWS\System32\WindowsPowerShell\v1.0\;C:\WINDOWS\System32\OpenSSH\;C:\Users\JR\AppData\Local\Microsoft\WindowsApps;D:\JDK8\bin;C:\Users\JR\Desktop\我的模块\植毛CCD联网+包装CCD联网\客户端\candyCanes\target;E:\SVN\bin;C:\Users\JR\AppData\Local\Microsoft\WindowsApps;D:\JDK8\bin;C:\Users\JR\Desktop\我的模块\植毛CCD联网+包装CCD联网\客户端\candyCanes\target;;D:\Eclipse\eclipse;
USERNAME=JR
OS=Windows_NT
PROCESSOR_IDENTIFIER=Intel64 Family 6 Model 158 Stepping 10, GenuineIntel



---------------  S Y S T E M  ---------------

OS: Windows 10.0 , 64 bit Build 17134 (10.0.17134.706)

CPU:total 12 (initial active 12) (6 cores per cpu, 2 threads per core) family 6 model 158 stepping 10, cmov, cx8, fxsr, mmx, sse, sse2, sse3, ssse3, sse4.1, sse4.2, popcnt, avx, avx2, aes, clmul, erms, 3dnowpref, lzcnt, ht, tsc, tscinvbit, bmi1, bmi2, adx

Memory: 4k page, physical 8231152k(3715340k free), swap 14522608k(7068756k free)

vm_info: Java HotSpot(TM) 64-Bit Server VM (25.191-b12) for windows-amd64 JRE (1.8.0_191-b12), built on Oct  6 2018 09:29:03 by "java_re" with MS VC++ 10.0 (VS2010)

time: Tue Apr 23 19:22:22 2019
elapsed time: 117 seconds (0d 0h 1m 57s)

