2019-05-25 09:38:51,634 [Worker-9] INFO  o.e.m.c.i.l.LifecycleMappingFactory - Using org.eclipse.m2e.jdt.JarLifecycleMapping lifecycle mapping for MavenProject: com.sansan:FlockingMachine:0.0.1-SNAPSHOT @ G:\我的模块\植毛CCD联网+包装CCD联网\植毛机\客户端\FlockingMachine\pom.xml.
2019-05-25 09:38:55,097 [Worker-9] INFO  o.e.m.c.i.embedder.EclipseLogger - Using 'UTF-8' encoding to copy filtered resources.
2019-05-25 09:38:55,097 [Worker-9] INFO  o.e.m.c.i.embedder.EclipseLogger - Copying 1 resource
2019-05-25 09:38:55,160 [Worker-9] INFO  o.e.m.c.i.embedder.EclipseLogger - Copying 34 resources
2019-05-25 09:38:59,403 [Worker-9] INFO  o.e.m.c.i.embedder.EclipseLogger - Using 'UTF-8' encoding to copy filtered resources.
2019-05-25 09:38:59,403 [Worker-9] INFO  o.e.m.c.i.embedder.EclipseLogger - skip non existing resourceDirectory G:\我的模块\植毛CCD联网+包装CCD联网\植毛机\客户端\FlockingMachine\src\test\resources
2019-05-25 09:39:03,708 [Worker-9] INFO  o.e.m.c.i.embedder.EclipseLogger - Using 'UTF-8' encoding to copy filtered resources.
2019-05-25 09:39:03,771 [Worker-9] INFO  o.e.m.c.i.embedder.EclipseLogger - Copying 1 resource
2019-05-25 09:39:03,911 [Worker-9] INFO  o.e.m.c.i.embedder.EclipseLogger - Copying 34 resources
2019-05-25 09:39:06,029 [Worker-9] INFO  o.e.m.c.i.embedder.EclipseLogger - Using 'UTF-8' encoding to copy filtered resources.
2019-05-25 09:39:06,029 [Worker-9] INFO  o.e.m.c.i.embedder.EclipseLogger - skip non existing resourceDirectory G:\我的模块\植毛CCD联网+包装CCD联网\植毛机\客户端\FlockingMachine\src\test\resources
2019-05-25 09:43:50,575 [Worker-1] INFO  o.e.m.c.i.l.LifecycleMappingFactory - Using org.eclipse.m2e.jdt.JarLifecycleMapping lifecycle mapping for MavenProject: com.sansan:FlockingMachine:0.0.1-SNAPSHOT @ G:\我的模块\植毛CCD联网+包装CCD联网\植毛机\客户端\FlockingMachine\pom.xml.
2019-05-25 09:43:58,780 [Worker-8] INFO  o.e.m.c.i.l.LifecycleMappingFactory - Using org.eclipse.m2e.jdt.JarLifecycleMapping lifecycle mapping for MavenProject: com.sansan:FlockingMachine:0.0.1-SNAPSHOT @ G:\我的模块\植毛CCD联网+包装CCD联网\植毛机\客户端\FlockingMachine\pom.xml.
2019-05-25 09:44:01,276 [Worker-8] INFO  o.e.m.c.i.embedder.EclipseLogger - Using 'UTF-8' encoding to copy filtered resources.
2019-05-25 09:44:01,307 [Worker-8] INFO  o.e.m.c.i.embedder.EclipseLogger - Copying 1 resource
2019-05-25 09:44:01,323 [Worker-8] INFO  o.e.m.c.i.embedder.EclipseLogger - Copying 34 resources
2019-05-25 09:44:02,805 [Worker-8] INFO  o.e.m.c.i.embedder.EclipseLogger - Using 'UTF-8' encoding to copy filtered resources.
2019-05-25 09:44:02,805 [Worker-8] INFO  o.e.m.c.i.embedder.EclipseLogger - skip non existing resourceDirectory G:\我的模块\植毛CCD联网+包装CCD联网\植毛机\客户端\FlockingMachine\src\test\resources
2019-05-25 09:44:04,396 [Worker-8] INFO  o.e.m.c.i.l.LifecycleMappingFactory - Using org.eclipse.m2e.jdt.JarLifecycleMapping lifecycle mapping for MavenProject: com.sansan:FlockingMachine:0.0.1-SNAPSHOT @ G:\我的模块\植毛CCD联网+包装CCD联网\植毛机\客户端\FlockingMachine\pom.xml.
2019-05-25 09:44:05,738 [Worker-5] INFO  o.e.m.c.i.embedder.EclipseLogger - Using 'UTF-8' encoding to copy filtered resources.
2019-05-25 09:44:05,738 [Worker-5] INFO  o.e.m.c.i.embedder.EclipseLogger - Copying 0 resource
2019-05-25 09:44:05,738 [Worker-5] INFO  o.e.m.c.i.embedder.EclipseLogger - Copying 0 resource
2019-05-25 09:44:05,738 [Worker-5] INFO  o.e.m.c.i.embedder.EclipseLogger - Using 'UTF-8' encoding to copy filtered resources.
2019-05-25 09:44:05,738 [Worker-5] INFO  o.e.m.c.i.embedder.EclipseLogger - skip non existing resourceDirectory G:\我的模块\植毛CCD联网+包装CCD联网\植毛机\客户端\FlockingMachine\src\test\resources
2019-05-25 09:55:35,249 [Worker-13] INFO  o.e.m.i.launch.MavenLaunchDelegate - G:\我的模块\植毛CCD联网+包装CCD联网\植毛机\客户端\FlockingMachine
2019-05-25 09:55:35,250 [Worker-13] INFO  o.e.m.i.launch.MavenLaunchDelegate -  mvn  -B clean
2019-05-25 09:55:38,582 [Worker-2] INFO  o.e.m.c.i.embedder.EclipseLogger - Using 'UTF-8' encoding to copy filtered resources.
2019-05-25 09:55:38,601 [Worker-2] INFO  o.e.m.c.i.embedder.EclipseLogger - Copying 1 resource
2019-05-25 09:55:38,652 [Worker-2] INFO  o.e.m.c.i.embedder.EclipseLogger - Copying 34 resources
2019-05-25 09:55:39,476 [Worker-2] INFO  o.e.m.c.i.embedder.EclipseLogger - Using 'UTF-8' encoding to copy filtered resources.
2019-05-25 09:55:39,476 [Worker-2] INFO  o.e.m.c.i.embedder.EclipseLogger - skip non existing resourceDirectory G:\我的模块\植毛CCD联网+包装CCD联网\植毛机\客户端\FlockingMachine\src\test\resources
2019-05-25 09:55:46,058 [Worker-14] INFO  o.e.m.i.launch.MavenLaunchDelegate - G:\我的模块\植毛CCD联网+包装CCD联网\植毛机\客户端\FlockingMachine
2019-05-25 09:55:46,058 [Worker-14] INFO  o.e.m.i.launch.MavenLaunchDelegate -  mvn  -B install
2019-05-25 09:55:59,839 [Worker-2] INFO  o.e.m.c.i.embedder.EclipseLogger - Using 'UTF-8' encoding to copy filtered resources.
2019-05-25 09:55:59,862 [Worker-2] INFO  o.e.m.c.i.embedder.EclipseLogger - Copying 1 resource
2019-05-25 09:56:00,013 [Worker-2] INFO  o.e.m.c.i.embedder.EclipseLogger - Copying 34 resources
2019-05-25 09:56:00,090 [Worker-2] INFO  o.e.m.c.i.embedder.EclipseLogger - Using 'UTF-8' encoding to copy filtered resources.
2019-05-25 09:56:00,091 [Worker-2] INFO  o.e.m.c.i.embedder.EclipseLogger - skip non existing resourceDirectory G:\我的模块\植毛CCD联网+包装CCD联网\植毛机\客户端\FlockingMachine\src\test\resources
